<?xml version="1.0" encoding="UTF-8"?>
<!-- Generated by org.testng.reporters.JUnitXMLReporter -->
<testsuite hostname="GIRISH-PC" ignored="0" name="Default test" tests="3" failures="0" timestamp="03 Dec 2017 00:22:09 GMT" time="2.98" errors="0">
  <testcase name="favebookapi" time="2.647" classname="getrequest.GetData"/>
  <testcase name="testResponsecode" time="0.151" classname="getrequest.GetData"/>
  <testcase name="testbody" time="0.13" classname="getrequest.GetData"/>
</testsuite> <!-- Default test -->
